Populating wavetable...emented to 4096
Position Èto 4096
Position incremented by 2 to 210
Accumulator modulo'd to 0
position: 210
Accumulator incremented to 4096
Position ÈPopulating wavetable...done.
position: 0
Accumulator incremented to 4096
Position incremented by 2 to 2
Accumulator modulo'd to 0
position: 2
Accumulator incremented to 4096
Position incremented by 2 to 4
Accumulator modulo'd to 0
position: 4
Accumulator incremented to 4096
Position incremented by 2 to 6
Accumulator modulo'd to 0
position: 6
Accumulator incremented to 4096
Position incremented by 2 to 8
Accumulator modulo'd to 0
position: 8
Accumulator incremented to 4096
Position incremented by 2 to 10
Accumulator modulo'd to 0
position: 10
Accumulator incremented to 4096
Position incremented by 2 to 12
Accumulator modulo'd to 0
position: 12
Accumulator incremented to 4096
Position incremented by 2 to 14
Accumulator modulo'd to 0
position: 14
Accumulator incremented to 4096
Position incremented by 2 to 16
Accumulator modulo'd to 0
position: 16
Accumulator incremented to 4096
Position incremented by 2 to 18
Accumulator modulo'd to 0
position: 18
Accumulator incremented to 4096
Position incremented by 2 to 20
Accumulator modulo'd to 0
position: 20
Accumulator incremented to 4096
Position incremented by 2 to 22
Accumulator modulo'd to 0
position: 22
Accumulator incremented to 4096
Position incremented by 2 to 24
Accumulator modulo'd to 0
position: 24
Accumulator incremented to 4096
Position incremented by 2 to 26
Accumulator modulo'd to 0
position: 26
Accumulator incremented to 4096
Position incremented by 2 to 28
Accumulator modulo'd to 0
position: 28
Accumulator incremented to 4096
Position incremented by 2 to 30
Accumulator modulo'd to 0
position: 30
Accumulator incremented to 4096
Position incremented by 2 to 32
Accumulator modulo'd to 0
position: 32
Accumulator incremented to 4096
Position incremented by 2 to 34
Accumulator modulo'd to 0
position: 34
Accumulator incremented to 4096
Position incremented by 2 to 36
Accumulator modulo'd to 0
position: 36
Accumulator incremented to 4096
Position incremented by 2 to 38
Accumulator modulo'd to 0
position: 38
Accumulator incremented to 4096
Position incremented by 2 to 40
Accumulator modulo'd to 0
position: 40
Accumulator incremented to 4096
Position incremented by 2 to 42
Accumulator modulo'd to 0
position: 42
Accumulator incremented to 4096
Position incremented by 2 to 44
Accumulator modulo'd to 0
position: 44
Accumulator incremented to 4096
Position incremented by 2 to 46
Accumulator modulo'd to 0
position: 46
Accumulator incremented to 4096
Position incremented by 2 to 48
Accumulator modulo'd to 0
position: 48
Accumulator incremented to 4096
Position incremented by 2 to 50
Accumulator modulo'd to 0
position: 50
Accumulator incremented to 4096
Position incremented by 2 to 52
Accumulator modulo'd to 0
position: 52
Accumulator incremented to 4096
Position incremented by 2 to 54
Accumulator modulo'd to 0
position: 54
Accumulator incremented to 4096
Position incremented by 2 to 56
Accumulator modulo'd to 0
position: 56
Accumulator incremented to 4096
Position incremented by 2 to 58
Accumulator modulo'd to 0
position: 58
Accumulator incremented to 4096
Position incremented by 2 to 60
Accumulator modulo'd to 0
position: 60
Accumulator incremented to 4096
Position incremented by 2 to 62
Accumulator modulo'd to 0
position: 62
Accumulator incremented to 4096
Position incremented by 2 to 64
Accumulator modulo'd to 0
position: 64
Accumulator incremented to 4096
Position incremented by 2 to 66
Accumulator modulo'd to 0
position: 66
Accumulator incremented to 4096
Position incremented by 2 to 68
Accumulator modulo'd to 0
position: 68
Accumulator incremented to 4096
Position incremented by 2 to 70
Accumulator modulo'd to 0
position: 70
Accumulator incremented to 4096
Position incremented by 2 to 72
Accumulator modulo'd to 0
position: 72
Accumulator incremented to 4096
Position incremented by 2 to 74
Accumulator modulo'd to 0
position: 74
Accumulator incremented to 4096
Position incremented by 2 to 76
Accumulator modulo'd to 0
position: 76
Accumulator incremented to 4096
Position incremented by 2 to 78
Accumulator modulo'd to 0
position: 78
Accumulator incremented to 4096
Position incremented by 2 to 80
Accumulator modulo'd to 0
position: 80
Accumulator incremented to 4096
Position incremented by 2 to 82
Accumulator modulo'd to 0
position: 82
Accumulator incremented to 4096
Position incremented by 2 to 84
Accumulator modulo'd to 0
position: 84
Accumulator incremented to 4096
Position incremented by 2 to 86
Accumulator modulo'd to 0
position: 86
Accumulator incremented to 4096
Position incremented by 2 to 88
Accumulator modulo'd to 0
position: 88
Accumulator incremented to 4096
Position incremented by 2 to 90
Accumulator modulo'd to 0
position: 90
Accumulator incremented to 4096
Position incremented by 2 to 92
Accumulator modulo'd to 0
position: 92
Accumulator incremented to 4096
Position incremented by 2 to 94
Accumulator modulo'd to 0
position: 94
Accumulator incremented to 4096
Position incremented by 2 to 96
Accumulator modulo'd to 0
position: 96
Accumulator incremented to 4096
Position incremented by 2 to 98
Accumulator modulo'd to 0
position: 98
Accumulator incremented to 4096
Position incremented by 2 to 100
Accumulator modulo'd to 0
position: 100
Accumulator incremented to 4096
Position incremented by 2 to 102
Accumulator modulo'd to 0
position: 102
Accumulator incremented to 4096
Position incremented by 2 to 104
Accumulator modulo'd to 0
position: 104
Accumulator incremented to 4096
Position incremented by 2 to 106
Accumulator modulo'd to 0
position: 106
Accumulator incremented to 4096
Position incremented by 2 to 108
Accumulator modulo'd to 0
position: 108
Accumulator incremented to 4096
Position incremented by 2 to 110
Accumulator modulo'd to 0
position: 110
Accumulator incremented to 4096
Position incremented by 2 to 112
Accumulator modulo'd to 0
position: 112
Accumulator incremented to 4096
Position incremented by 2 to 114
Accumulator modulo'd to 0
position: 114
Accumulator incremented to 4096
Position incremented by 2 to 116
Accumulator modulo'd to 0
position: 116
Accumulator incremented to 4096
Position incremented by 2 to 118
Accumulator modulo'd to 0
position: 118
Accumulator incremented to 4096
Position incremented by 2 to 120
Accumulator modulo'd to 0
position: 120
Accumulator incremented to 4096
Position incremented by 2 to 122
Accumulator modulo'd to 0
position: 122
Accumulator incremented to 4096
Position incremented by 2 to 124
Accumulator modulo'd to 0
position: 124
Accumulator incremented to 4096
Position incremented by 2 to 126
Accumulator modulo'd to 0
position: 126
Accumulator incremented to 4096
Position incremented by 2 to 128
Accumulator modulo'd to 0
position: 128
Accumulator incremented to 4096
Position incremented by 2 to 130
Accumulator modulo'd to 0
position: 130
Accumulator incremented to 4096
Position incremented by 2 to 132
Accumulator modulo'd to 0
position: 132
Accumulator incremented to 4096
Position incremented by 2 to 134
Accumulator modulo'd to 0
position: 134
Accumulator incremented to 4096
Position incremented by 2 to 136
Accumulator modulo'd to 0
position: 136
Accumulator incremented to 4096
Position incremented by 2 to 138
Accumulator modulo'd to 0
position: 138
Accumulator incremented to 4096
Position incremented by 2 to 140
Accumulator modulo'd to 0
position: 140
Accumulator incremented to 4096
Position incremented by 2 to 142
Accumulator modulo'd to 0
position: 142
Accumulator incremented to 4096
Position incremented by 2 to 144
Accumulator modulo'd to 0
position: 144
Accumulator incremented to 4096
Position incremented by 2 to 146
Accumulator modulo'd to 0
position: 146
Accumulator incremented to 4096
Position incremented by 2 to 148
Accumulator modulo'd to 0
position: 148
Accumulator incremented to 4096
Position incremented by 2 to 150
Accumulator modulo'd to 0
position: 150
Accumulator incremented to 4096
Position incremented by 2 to 152
Accumulator modulo'd to 0
position: 152
Accumulator incremented to 4096
Position incremented by 2 to 154
Accumulator modulo'd to 0
position: 154
Accumulator incremented to 4096
Position incremented by 2 to 156
Accumulator modulo'd to 0
position: 156
Accumulator incremented to 4096
Position incremented by 2 to 158
Accumulator modulo'd to 0
position: 158
Accumulator incremented to 4096
Position incremented by 2 to 160
Accumulator modulo'd to 0
position: 160
Accumulator incremented to 4096
Position incremented by 2 to 162
Accumulator modulo'd to 0
position: 162
Accumulator incremented to 4096
Position incremented by 2 to 164
Accumulator modulo'd to 0
position: 164
Accumulator incremented to 4096
Position incremented by 2 to 166
Accumulator modulo'd to 0
position: 166
Accumulator incremented to 4096
Position incremented by 2 to 168
Accumulator modulo'd to 0
position: 168
Accumulator incremented to 4096
Position incremented by 2 to 170
Accumulator modulo'd to 0
position: 170
Accumulator incremented to 4096
Position incremented by 2 to 172
Accumulator modulo'd to 0
position: 172
Accumulator incremented to 4096
Position incremented by 2 to 174
Accumulator modulo'd to 0
position: 174
Accumulator incremented to 4096
Position incremented by 2 to 176
Accumulator modulo'd to 0
position: 176
Accumulator incremented to 4096
Position incremented by 2 to 178
Accumulator modulo'd to 0
position: 178
Accumulator incremented to 4096
Position incremented by 2 to 180
Accumulator modulo'd to 0
position: 180
Accumulator incremented to 4096
Position incremented by 2 to 182
Accumulator modulo'd to 0
position: 182
Accumulator incremented to 4096
Position incremented by 2 to 184
Accumulator modulo'd to 0
position: 184
Accumulator incremented to 4096
Position incremented by 2 to 186
Accumulator modulo'd to 0
position: 186
Accumulator incremented to 4096
Position incremented by 2 to 188
Accumulator modulo'd to 0
position: 188
Accumulator incremented to 4096
Position incremented by 2 to 190
Accumulator modulo'd to 0
position: 190
Accumulator incremented to 4096
Position incremented by 2 to 192
Accumulator modulo'd to 0
position: 192
Accumulator incremented to 4096
Position incremented by 2 to 194
Accumulator modulo'd to 0
position: 194
Accumulator incremented to 4096
Position incremented by 2 to 196
Accumulator modulo'd to 0
position: 196
Accumulator incremented to 4096
Position incremented by 2 to 198
Accumulator modulo'd to 0
position: 198
Accumulator incremented to 4096
Position incremented by 2 to 200
Accumulator modulo'd to 0
position: 200
Accumulator incremented to 4096
Position incremented by 2 to 202
Accumulator modulo'd to 0
position: 202
Accumulator incremented to 4096
Position incremented by 2 to 204
Accumulator modulo'd to 0
position: 204
Accumulator incremented to 4096
Position incremented by 2 to 206
Accumulator modulo'd to 0
position: 206
Accumulator incremented to 4096
Position incremented by 2 to 208
Accumulator modulo'd to 0
position: 208
Accumulator incremented to 4096
Position incremented by 2 to 210
Accumulator modulo'd to 0
position: 210
Accumulator incremented to 4096
Position incremented by 2 to 212
Accumulator modulo'd to 0
position: 212
Accumulator incremented to 4096
Position incremented by 2 to 214
Accumulator modulo'd to 0
position: 214
Accumulator incremented to 4096
Position incremented by 2 to 216
Accumulator modulo'd to 0
position: 216
Accumulator incremented to 4096
Position incremented by 2 to 218
Accumulator modulo'd to 0
position: 218
Accumulator incremented to 4096
Position incremented by 2 to 220
Accumulator modulo'd to 0
position: 220
Accumulator incremented to 4096
Position incremented by 2 to 222
Accumulator modulo'd to 0
position: 222
Accumulator incremented to 4096
Position incremented by 2 to 224
Accumulator modulo'd to 0
position: 224
Accumulator incremented to 4096
Position incremented by 2 to 226
Accumulator modulo'd to 0
position: 226
Accumulator incremented to 4096
Position incremented by 2 to 228
Accumulator modulo'd to 0
position: 228
Accumulator incremented to 4096
Position incremented by 2 to 230
Accumulator modulo'd to 0
position: 230
Accumulator incremented to 4096
Position incremented by 2 to 232
Accumulator modulo'd to 0
position: 232
Accumulator incremented to 4096
Position incremented by 2 to 234
Accumulator modulo'd to 0
position: 234
Accumulator incremented to 4096
Position incremented by 2 to 236
Accumulator modulo'd to 0
position: 236
Accumulator incremented to 4096
Position incremented by 2 to 238
Accumulator modulo'd to 0
position: 238
Accumulator incremented to 4096
Position incremented by 2 to 240
Accumulator modulo'd to 0
position: 240
Accumulator incremented to 4096
Position incremented by 2 to 242
Accumulator modulo'd to 0
position: 242
Accumulator incremented to 4096
Position incremented by 2 to 244
Accumulator modulo'd to 0
position: 244
Accumulator incremented to 4096
Position incremented by 2 to 246
Accumulator modulo'd to 0
position: 246
Accumulator incremented to 4096
Position incremented by 2 to 248
Accumulator modulo'd to 0
position: 248
Accumulator incremented to 4096
Position incremented by 2 to 250
Accumulator modulo'd to 0
position: 250
Accumulator incremented to 4096
Position incremented by 2 to 252
Accumulator modulo'd to 0
position: 252
Accumulator incremented to 4096
Position incremented by 2 to 254
Accumulator modulo'd to 0
position: 254
Accumulator incremented to 4096
Position incremented by 2 to 256
Accumulator modulo'd to 0
position: 0
Accumulator incremented to 4096
Position incremented by 2 to 2
Accumulator modulo'd to 0
position: 2
Accumulator incremented to 4096
Position incremented by 2 to 4
Accumulator modulo'd to 0
position: 4
Accumulator incremented to 4096
Position incremented by 2 to 6
Accumulator modulo'd to 0
position: 6
Accumulator incremented to 4096
Position incremented by 2 to 8
Accumulator modulo'd to 0
position: 8
Accumulator incremented to 4096
Position incremented by 2 to 10
Accumulator modulo'd to 0
position: 10
Accumulator incremented to 4096
Position incremented by 2 to 12
Accumulator modulo'd to 0
position: 12
Accumulator incremented to 4096
Position incremented by 2 to 14
Accumulator modulo'd to 0
position: 14
Accumulator incremented to 4096
Position incremented by 2 to 16
Accumulator modulo'd to 0
position: 16
Accumulator incremented to 4096
Position incremented by 2 to 18
Accumulator modulo'd to 0
position: 18
Accumulator incremented to 4096
Position incremented by 2 to 20
Accumulator modulo'd to 0
position: 20
Accumulator incremented to 4096
Position incremented by 2 to 22
Accumulator modulo'd to 0
position: 22
Accumulator incremented to 4096
Position incremented by 2 to 24
Accumulator modulo'd to 0
position: 24
Accumulator incremented to 4096
Position incremented by 2 to 26
Accumulator modulo'd to 0
position: 26
Accumulator incremented to 4096
Position incremented by 2 to 28
Accumulator modulo'd to 0
position: 28
Accumulator incremented to 4096
Position incremented by 2 to 30
Accumulator modulo'd to 0
position: 30
Accumulator incremented to 4096
Position incremented by 2 to 32
Accumulator modulo'd to 0
position: 32
Accumulator incremented to 4096
Position incremented by 2 to 34
Accumulator modulo'd to 0
position: 34
Accumulator incremented to 4096
Position incremented by 2 to 36
Accumulator modulo'd to 0
position: 36
Accumulator incremented to 4096
Position incremented by 2 to 38
Accumulator modulo'd to 0
position: 38
Accumulator incremented to 4096
Position incremented by 2 to 40
Accumulator modulo'd to 0
position: 40
Accumulator incremented to 4096
Position incremented by 2 to 42
Accumulator modulo'd to 0
position: 42
Accumulator incremented to 4096
Position incremented by 2 to 44
Accumulator modulo'd to 0
position: 44
Accumulator incremented to 4096
Position incremented by 2 to 46
Accumulator modulo'd to 0
position: 46
Accumulator incremented to 4096
Position incremented by 2 to 48
Accumulator modulo'd to 0
position: 48
Accumulator incremented to 4096
Position incremented by 2 to 50
Accumulator modulo'd to 0
position: 50
Accumulator incremented to 4096
Position incremented by 2 to 52
Accumulator modulo'd to 0
position: 52
Accumulator incremented to 4096
Position incremented by 2 to 54
Accumulator modulo'd to 0
position: 54
Accumulator incremented to 4096
Position incremented by 2 to 56
Accumulator modulo'd to 0
position: 56
Accumulator incremented to 4096
Position incremented by 2 to 58
Accumulator modulo'd to 0
position: 58
Accumulator incremented to 4096
Position incremented by 2 to 60
Accumulator modulo'd to 0
position: 60
Accumulator incremented to 4096
Position incremented by 2 to 62
Accumulator modulo'd to 0
position: 62
Accumulator incremented to 4096
Position incremented by 2 to 64
Accumulator modulo'd to 0
position: 64
Accumulator incremented to 4096
Position incremented by 2 to 66
Accumulator modulo'd to 0
position: 66
Accumulator incremented to 4096
Position incremented by 2 to 68
Accumulator modulo'd to 0
position: 68
Accumulator incremented to 4096
Position incremented by 2 to 70
Accumulator modulo'd to 0
position: 70
Accumulator incremented to 4096
Position incremented by 2 to 72
Accumulator modulo'd to 0
position: 72
Accumulator incremented to 4096
Position incremented by 2 to 74
Accumulator modulo'd to 0
position: 74
Accumulator incremented to 4096
Position incremented by 2 to 76
Accumulator modulo'd to 0
position: 76
Accumulator incremented to 4096
Position incremented by 2 to 78
Accumulator modulo'd to 0
position: 78
Accumulator incremented to 4096
Position incremented by 2 to 80
Accumulator modulo'd to 0
position: 80
Accumulator incremented to 4096
Position incremented by 2 to 82
Accumulator modulo'd to 0
position: 82
Accumulator incremented to 4096
Position incremented by 2 to 84
Accumulator modulo'd to 0
position: 84
Accumulator incremented to 4096
Position incremented by 2 to 86
Accumulator modulo'd to 0
position: 86
Accumulator incremented to 4096
Position incremented by 2 to 88
Accumulator modulo'd to 0
position: 88
Accumulator incremented to 4096
Position incremented by 2 to 90
Accumulator modulo'd to 0
position: 90
Accumulator incremented to 4096
Position incremented by 2 to 92
Accumulator modulo'd to 0
position: 92
Accumulator incremented to 4096
Position incremented by 2 to 94
Accumulator modulo'd to 0
position: 94
Accumulator incremented to 4096
Position incremented by 2 to 96
Accumulator modulo'd to 0
position: 96
Accumulator incremented to 4096
Position incremented by 2 to 98
Accumulator modulo'd to 0
position: 98
Accumulator incremented to 4096
Position incremented by 2 to 100
Accumulator modulo'd to 0
position: 100
Accumulator incremented to 4096
Position incremented by 2 to 102
Accumulator modulo'd to 0
position: 102
Accumulator incremented to 4096
Position incremented by 2 to 104
Accumulator modulo'd to 0
position: 104
Accumulator incremented to 4096
Position incremented by 2 to 106
Accumulator modulo'd to 0
position: 106
Accumulator incremented to 4096
Position incremented by 2 to 108
Accumulator modulo'd to 0
position: 108
Accumulator incremented to 4096
Position incremented by 2 to 110
Accumulator modulo'd to 0
position: 110
Accumulator incremented to 4096
Position incremented by 2 to 112
Accumulator modulo'd to 0
position: 112
Accumulator incremented to 4096
Position incremented by 2 to 114
Accumulator modulo'd to 0
position: 114
Accumulator incremented to 4096
Position incremented by 2 to 116
Accumulator modulo'd to 0
position: 116
Accumulator incremented to 4096
Position incremented by 2 to 118
Accumulator modulo'd to 0
position: 118
Accumulator incremented to 4096
Position incremented by 2 to 120
Accumulator modulo'd to 0
position: 120
Accumulator incremented to 4096
Position incremented by 2 to 122
Accumulator modulo'd to 0
position: 122
Accumulator incremented to 4096
Position incremented by 2 to 124
Accumulator modulo'd to 0
position: 124
Accumulator incremented to 4096
Position incremented by 2 to 126
Accumulator modulo'd to 0
position: 126
Accumulator incremented to 4096
Position incremented by 2 to 128
Accumulator modulo'd to 0
position: 128
Accumulator incremented to 4096
Position incremented by 2 to 130
Accumulator modulo'd to 0
position: 130
Accumulator incremented to 4096
Position incremented by 2 to 132
Accumulator modulo'd to 0
position: 132
Accumulator incremented to 4096
Position incremented by 2 to 134
Accumulator modulo'd to 0
position: 134
Accumulator incremented to 4096
Position incremented by 2 to 136
Accumulator modulo'd to 0
position: 136
Accumulator incremented to 4096
Position incremented by 2 to 138
Accumulator modulo'd to 0
position: 138
Accumulator incremented to 4096
Position incremented by 2 to 140
Accumulator modulo'd to 0
position: 140
Accumulator incremented to 4096
Position incremented by 2 to 142
Accumulator modulo'd to 0
position: 142
Accumulator incremented to 4096
Position incremented by 2 to 144
Accumulator modulo'd to 0
position: 144
Accumulator incremented to 4096
Position incremented by 2 to 146
Accumulator modulo'd to 0
position: 146
Accumulator incremented to 4096
Position incremented by 2 to 148
Accumulator modulo'd to 0
position: 148
Accumulator incremented to 4096
Position incremented by 2 to 150
Accumulator modulo'd to 0
position: 150
Accumulator incremented to 4096
Position incremented by 2 to 152
Accumulator modulo'd to 0
position: 152
Accumulator incremented to 4096
Position incremented by 2 to 154
Accumulator modulo'd to 0
position: 154
Accumulator incremented to 4096
Position incremented by 2 to 156
Accumulator modulo'd to 0
position: 156
Accumulator incremented to 4096
Position incremented by 2 to 158
Accumulator modulo'd to 0
position: 158
Accumulator incremented to 4096
Position incremented by 2 to 160
Accumulator modulo'd to 0
position: 160
Accumulator incremented to 4096
Position incremented by 2 to 162
Accumulator modulo'd to 0
position: 162
Accumulator incremented to 4096
Position incremented by 2 to 164
Accumulator modulo'd to 0
position: 164
Accumulator incremented to 4096
Position incremented by 2 to 166
Accumulator modulo'd to 0
position: 166
Accumulator incremented to 4096
Position incremented by 2 to 168
Accumulator modulo'd to 0
position: 168
Accumulator incremented to 4096
Position incremented by 2 to 170
Accumulator modulo'd to 0
position: 170
Accumulator incremented to 4096
Position incremented by 2 to 172
Accumulator modulo'd to 0
position: 172
Accumulator incremented to 4096
Position incremented by 2 to 174
Accumulator modulo'd to 0
position: 174
Accumulator incremented to 4096
Position incremented by 2 to 176
Accumulator modulo'd to 0
position: 176
Accumulator incremented to 4096
Position incremented by 2 to 178
Accumulator modulo'd to 0
position: 178
Accumulator incremented to 4096
Position incremented by 2 to 180
Accumulator modulo'd to 0
position: 180
Accumulator incremented to 4096
Position incremented by 2 to 182
Accumulator modulo'd to 0
position: 182
Accumulator incremented to 4096
Position incremented by 2 to 184
Accumulator modulo'd to 0
position: 184
Accumulator incremented to 4096
Position incremented by 2 to 186
Accumulator modulo'd to 0
position: 186
Accumulator incremented to 4096
Position incremented by 2 to 188
Accumulator modulo'd to 0
position: 188
Accumulator incremented to 4096
Position incremented by 2 to 190
Accumulator modulo'd to 0
position: 190
Accumulator incremented to 4096
Position incremented by 2 to 192
Accumulator modulo'd to 0
position: 192
Accumulator incremented to 4096
Position incremented by 2 to 194
Accumulator modulo'd to 0
position: 194
Accumulator incremented to 4096
Position incremented by 2 to 196
Accumulator modulo'd to 0
position: 196
Accumulator incremented to 4096
Position incremented by 2 to 198
Accumulator modulo'd to 0
position: 198
Accumulator incremented to 4096
Position incremented by 2 to 200
Accumulator modulo'd to 0
position: 200
Accumulator incremented to 4096
Position incremented by 2 to 202
Accumulator modulo'd to 0
position: 202
Accumulator incremented to 4096
Position incremented by 2 to 204
Accumulator modulo'd to 0
position: 204
Accumulator incremented to 4096
Position incremented by 2 to 206
Accumulator modulo'd to 0
position: 206
Accumulator incremented to 4096
Position incremented by 2 to 208
Accumulator modulo'd to 0
position: 208
Accumulator incremented to 4096
Position incremented by 2 to 210
Accumulator modulo'd to 0
position: 210
Accumulator incremented to 4096
Position incremented by 2 to 212
Accumulator modulo'd to 0
position: 212
Accumulator incremented to 4096
Position incremented by 2 to 214
Accumulator modulo'd to 0
position: 214
Accumulator incremented to 4096
Position incremented by 2 to 216
Accumulator modulo'd to 0
position: 216
Accumulator incremented to 4096
Position incremented by 2 to 218
Accumulator modulo'd to 0
position: 218
Accumulator incremented to 4096
Position incremented by 2 to 220
Accumulator modulo'd to 0
position: 220
Accumulator incremented to 4096
Position incremented by 2 to 222
Accumulator modulo'd to 0
position: 222
Accumulator incremented to 4096
Position incremented by 2 to 224
Accumulator modulo'd to 0
position: 224
Accumulator incremented to 4096
Position incremented by 2 to 226
Accumulator modulo'd to 0
position: 226
Accumulator incremented to 4096
Position incremented by 2 to 228
Accumulator modulo'd to 0
position: 228
Accumulator incremented to 4096
Position incremented by 2 to 230
Accumulator modulo'd to 0
position: 230
Accumulator incremented to 4096
Position incremented by 2 to 232
Accumulator modulo'd to 0
position: 232
Accumulator incremented to 4096
Position incremented by 2 to 234
Accumulator modulo'd to 0
position: 234
Accumulator incremented to 4096
Position incremented by 2 to 236
Accumulator modulo'd to 0
position: 236
Accumulator incremented to 4096
Position incremented by 2 to 238
Accumulator modulo'd to 0
position: 238
Accumulator incremented to 4096
Position incremented by 2 to 240
Accumulator modulo'd to 0
position: 240
Accumulator incremented to 4096
Position incremented by 2 to 242
Accumulator modulo'd to 0
position: 242
Accumulator incremented to 4096
Position incremented by 2 to 244
Accumulator modulo'd to 0
position: 244
Accumulator incremented to 4096
Position incremented by 2 to 246
Accumulator modulo'd to 0
position: 246
Accumulator incremented to 4096
Position incremented by 2 to 248
Accumulator modulo'd to 0
position: 248
Accumulator incremented to 4096
Position incremented by 2 to 250
Accumulator modulo'd to 0
position: 250
Accumulator incremented to 4096
Position incremented by 2 to 252
Accumulator modulo'd to 0
position: 252
Accumulator incremented to 4096
Position incremented by 2 to 254
Accumulator modulo'd to 0
position: 254
Accumulator incremented to 4096
Position incremented by 2 to 256
Accumulator modulo'd to 0
position: 0
Accumulator incremented to 4096
Position incremented by 2 to 2
Accumulator modulo'd to 0
position: 2
Accumulator incremented to 4096
Position incremented by 2 to 4
Accumulator modulo'd to 0
position: 4
Accumulator incremented to 4096
Position incremented by 2 to 6
Accumulator modulo'd to 0
position: 6
Accumulator incremented to 4096
Position incremented b